e:\tpv2_asteroids\tpv2_asteroids\tpv2_asteroids\x64\debug\vc143.pdb
e:\tpv2_asteroids\tpv2_asteroids\tpv2_asteroids\x64\debug\vc143.idb
e:\tpv2_asteroids\tpv2_asteroids\tpv2_asteroids\x64\debug\game.obj
e:\tpv2_asteroids\tpv2_asteroids\tpv2_asteroids\x64\debug\math.obj
e:\tpv2_asteroids\tpv2_asteroids\tpv2_asteroids\x64\debug\utils.obj
e:\tpv2_asteroids\tpv2_asteroids\tpv2_asteroids\x64\debug\texture.obj
e:\tpv2_asteroids\tpv2_asteroids\tpv2_asteroids\x64\debug\manager.obj
e:\tpv2_asteroids\tpv2_asteroids\tpv2_asteroids\x64\debug\main.obj
e:\tpv2_asteroids\tpv2_asteroids\tpv2_asteroids\x64\debug\entity.obj
e:\tpv2_asteroids\tpv2_asteroids\tpv2_asteroids\x64\debug\darender.obj
e:\tpv2_asteroids\tpv2_asteroids\tpv2_asteroids\x64\debug\component.obj
e:\tpv2_asteroids\tpv2_asteroids\tpv2_asteroids\x64\debug\asteroidmanager.obj
e:\tpv2_asteroids\tpv2_asteroids\tpv2_asteroids\x64\debug\health.obj
e:\tpv2_asteroids\tpv2_asteroids\tpv2_asteroids\x64\debug\wraparound.obj
e:\tpv2_asteroids\tpv2_asteroids\tpv2_asteroids\x64\debug\transform.obj
e:\tpv2_asteroids\tpv2_asteroids\tpv2_asteroids\x64\debug\gun.obj
e:\tpv2_asteroids\tpv2_asteroids\tpv2_asteroids\x64\debug\framedimage.obj
e:\tpv2_asteroids\tpv2_asteroids\tpv2_asteroids\x64\debug\image.obj
e:\tpv2_asteroids\tpv2_asteroids\x64\debug\tpv2_asteroids.exe
e:\tpv2_asteroids\tpv2_asteroids\tpv2_asteroids\x64\debug\tpv2_asteroids.ilk
e:\tpv2_asteroids\tpv2_asteroids\x64\debug\tpv2_asteroids.pdb
e:\tpv2_asteroids\tpv2_asteroids\tpv2_asteroids\x64\debug\main.obj.enc
e:\tpv2_asteroids\tpv2_asteroids\tpv2_asteroids\x64\debug\tpv2_asteroids.tlog\cl.command.1.tlog
e:\tpv2_asteroids\tpv2_asteroids\tpv2_asteroids\x64\debug\tpv2_asteroids.tlog\cl.read.1.tlog
e:\tpv2_asteroids\tpv2_asteroids\tpv2_asteroids\x64\debug\tpv2_asteroids.tlog\cl.write.1.tlog
e:\tpv2_asteroids\tpv2_asteroids\tpv2_asteroids\x64\debug\tpv2_asteroids.tlog\link.command.1.tlog
e:\tpv2_asteroids\tpv2_asteroids\tpv2_asteroids\x64\debug\tpv2_asteroids.tlog\link.read.1.tlog
e:\tpv2_asteroids\tpv2_asteroids\tpv2_asteroids\x64\debug\tpv2_asteroids.tlog\link.write.1.tlog
